Build started 29/03/2021 19:08:42.
Logging verbosity is set to: Normal.     1>Project "C:\Users\Crom\GitProjects\nwnx4.clean\lib\detours\src\Detours.vcxproj" on node 2 (Build target(s)).
     1>Build:
         chcp 65001 >NUL && nmake
         
         Microsoft (R) Program Maintenance Utility Version 14.26.28806.0
         Copyright (C) Microsoft Corporation.  All rights reserved.
         
         Building for 32-bit X86.
         	if not exist "..\include" mkdir "..\include"
         	if not exist "..\lib" mkdir "..\lib"
         	if not exist "..\bin" mkdir "..\bin"
         	cl /nologo /nologo /W4 /WX /Zi /MTd /Gy /Gm- /Zl /O1 /DWIN32_LEAN_AND_MEAN /D_WIN32_WINNT=0x403 /Gs /DDETOURS_X86=1 /D_X86_  "/Fd..\lib\detours.pdb" /Fodetours.obj /c "C:\Users\Crom\GitProjects\nwnx4.clean\lib\detours\src\detours.cpp"
         detours.cpp
     1>C:\Users\Crom\GitProjects\nwnx4.clean\lib\detours\src\detours.cpp(923): error C2220: the following warning is treated as an error
     1>C:\Users\Crom\GitProjects\nwnx4.clean\lib\detours\src\detours.cpp(923): warning C4456: declaration of 'o' hides previous local declaration
         C:\Users\Crom\GitProjects\nwnx4.clean\lib\detours\src\detours.cpp(780): note: see declaration of 'o'
     1>NMAKE : fatal error U1077: '"C:\Program Files (x86)\Microsoft Visual Studio\2019\Community\VC\Tools\MSVC\14.26.28801\bin\HostX86\x86\cl.EXE"' : return code '0x2'
         Stop.
     1>C:\Program Files (x86)\Microsoft Visual Studio\2019\Community\MSBuild\Microsoft\VC\v160\Microsoft.MakeFile.Targets(46,5): error MSB3073: The command "chcp 65001 >NUL && nmake" exited with code 2.
     1>Done Building Project "C:\Users\Crom\GitProjects\nwnx4.clean\lib\detours\src\Detours.vcxproj" (Build target(s)) -- FAILED.

Build FAILED.

       "C:\Users\Crom\GitProjects\nwnx4.clean\lib\detours\src\Detours.vcxproj" (Build target) (1) ->
       (Build target) -> 
         C:\Users\Crom\GitProjects\nwnx4.clean\lib\detours\src\detours.cpp(923): warning C4456: declaration of 'o' hides previous local declaration


       "C:\Users\Crom\GitProjects\nwnx4.clean\lib\detours\src\Detours.vcxproj" (Build target) (1) ->
       (Build target) -> 
         C:\Users\Crom\GitProjects\nwnx4.clean\lib\detours\src\detours.cpp(923): error C2220: the following warning is treated as an error
         NMAKE : fatal error U1077: '"C:\Program Files (x86)\Microsoft Visual Studio\2019\Community\VC\Tools\MSVC\14.26.28801\bin\HostX86\x86\cl.EXE"' : return code '0x2'
         C:\Program Files (x86)\Microsoft Visual Studio\2019\Community\MSBuild\Microsoft\VC\v160\Microsoft.MakeFile.Targets(46,5): error MSB3073: The command "chcp 65001 >NUL && nmake" exited with code 2.

    1 Warning(s)
    3 Error(s)

Time Elapsed 00:00:00.97
